<?xml version="1.0" encoding="UTF-8"?>
<testng-results skipped="0" failed="1" ignored="0" total="6" passed="5">
  <reporter-output>
  </reporter-output>
  <suite name="ABC Loan Bank" duration-ms="69" started-at="2020-04-13T19:15:40 EDT" finished-at="2020-04-13T19:15:40 EDT">
    <groups>
      <group name="regression">
        <method signature="HomeLoanWithDataProvider.mobileLoginTest()[pri:0, instance:listners.HomeLoanWithDataProvider@3701eaf6]" name="mobileLoginTest" class="listners.HomeLoanWithDataProvider"/>
        <method signature="HomeLoanWithDataProvider.paramterTest(java.lang.String)[pri:0, instance:listners.HomeLoanWithDataProvider@3701eaf6]" name="paramterTest" class="listners.HomeLoanWithDataProvider"/>
        <method signature="HomeLoanWithDataProvider.webLoginTest()[pri:0, instance:listners.HomeLoanWithDataProvider@3701eaf6]" name="webLoginTest" class="listners.HomeLoanWithDataProvider"/>
      </group> <!-- regression -->
      <group name="smoke">
        <method signature="CarLoanTestCases.webLoginTest(java.lang.String)[pri:0, instance:listners.CarLoanTestCases@6d7b4f4c]" name="webLoginTest" class="listners.CarLoanTestCases"/>
      </group> <!-- smoke -->
    </groups>
    <test name="Car Loan Test Cases" duration-ms="69" started-at="2020-04-13T19:15:40 EDT" finished-at="2020-04-13T19:15:40 EDT">
      <class name="listners.CarLoanTestCases">
        <test-method status="PASS" signature="beforeTest()[pri:0, instance:listners.CarLoanTestCases@6d7b4f4c]" name="beforeTest" is-config="true" duration-ms="1" started-at="2020-04-13T19:15:40 EDT" finished-at="2020-04-13T19:15:40 EDT">
          <reporter-output>
          </reporter-output>
        </test-method> <!-- beforeTest -->
        <test-method status="PASS" signature="RestLoginTest()[pri:0, instance:listners.CarLoanTestCases@6d7b4f4c]" name="RestLoginTest" duration-ms="6" started-at="2020-04-13T19:15:40 EDT" finished-at="2020-04-13T19:15:40 EDT">
          <reporter-output>
          </reporter-output>
        </test-method> <!-- RestLoginTest -->
        <test-method status="PASS" signature="enabledExample()[pri:0, instance:listners.CarLoanTestCases@6d7b4f4c]" name="enabledExample" duration-ms="2" started-at="2020-04-13T19:15:40 EDT" finished-at="2020-04-13T19:15:40 EDT">
          <reporter-output>
          </reporter-output>
        </test-method> <!-- enabledExample -->
        <test-method status="FAIL" signature="failingTest()[pri:0, instance:listners.CarLoanTestCases@6d7b4f4c]" name="failingTest" duration-ms="6" started-at="2020-04-13T19:15:40 EDT" finished-at="2020-04-13T19:15:40 EDT">
          <exception class="java.lang.AssertionError">
            <message>
              <![CDATA[did not expect to find [true] but found [false]]]>
            </message>
            <full-stacktrace>
              <![CDATA[java.lang.AssertionError: did not expect to find [true] but found [false]
at org.testng.Assert.fail(Assert.java:97)
at org.testng.Assert.failNotEquals(Assert.java:969)
at org.testng.Assert.assertTrue(Assert.java:43)
at org.testng.Assert.assertTrue(Assert.java:53)
at listners.CarLoanTestCases.failingTest(CarLoanTestCases.java:22)
at sun.reflect.NativeMethodAccessorImpl.invoke0(Native Method)
at sun.reflect.NativeMethodAccessorImpl.invoke(NativeMethodAccessorImpl.java:62)
at sun.reflect.DelegatingMethodAccessorImpl.invoke(DelegatingMethodAccessorImpl.java:43)
at java.lang.reflect.Method.invoke(Method.java:498)
at org.testng.internal.MethodInvocationHelper.invokeMethod(MethodInvocationHelper.java:133)
at org.testng.internal.TestInvoker.invokeMethod(TestInvoker.java:584)
at org.testng.internal.TestInvoker.invokeTestMethod(TestInvoker.java:172)
at org.testng.internal.MethodRunner.runInSequence(MethodRunner.java:46)
at org.testng.internal.TestInvoker$MethodInvocationAgent.invoke(TestInvoker.java:804)
at org.testng.internal.TestInvoker.invokeTestMethods(TestInvoker.java:145)
at org.testng.internal.TestMethodWorker.invokeTestMethods(TestMethodWorker.java:146)
at org.testng.internal.TestMethodWorker.run(TestMethodWorker.java:128)
at java.util.concurrent.ThreadPoolExecutor.runWorker(ThreadPoolExecutor.java:1149)
at java.util.concurrent.ThreadPoolExecutor$Worker.run(ThreadPoolExecutor.java:624)
at java.lang.Thread.run(Thread.java:748)
]]>
            </full-stacktrace>
          </exception> <!-- java.lang.AssertionError -->
          <reporter-output>
          </reporter-output>
        </test-method> <!-- failingTest -->
        <test-method status="PASS" signature="webLoginTest(java.lang.String)[pri:0, instance:listners.CarLoanTestCases@6d7b4f4c]" name="webLoginTest" duration-ms="1" started-at="2020-04-13T19:15:40 EDT" finished-at="2020-04-13T19:15:40 EDT">
          <params>
            <param index="0">
              <value>
                <![CDATA[myexample.com]]>
              </value>
            </param>
          </params>
          <reporter-output>
          </reporter-output>
        </test-method> <!-- webLoginTest -->
        <test-method status="PASS" signature="zTimeOutExample()[pri:0, instance:listners.CarLoanTestCases@6d7b4f4c]" name="zTimeOutExample" duration-ms="4" started-at="2020-04-13T19:15:40 EDT" finished-at="2020-04-13T19:15:40 EDT">
          <reporter-output>
          </reporter-output>
        </test-method> <!-- zTimeOutExample -->
        <test-method status="PASS" signature="mobileLoginTest()[pri:0, instance:listners.CarLoanTestCases@6d7b4f4c]" name="mobileLoginTest" duration-ms="1" started-at="2020-04-13T19:15:40 EDT" depends-on-methods="listners.CarLoanTestCases.RestLoginTest" finished-at="2020-04-13T19:15:40 EDT">
          <reporter-output>
          </reporter-output>
        </test-method> <!-- mobileLoginTest -->
        <test-method status="PASS" signature="afterTest()[pri:0, instance:listners.CarLoanTestCases@6d7b4f4c]" name="afterTest" is-config="true" duration-ms="0" started-at="2020-04-13T19:15:40 EDT" finished-at="2020-04-13T19:15:40 EDT">
          <reporter-output>
          </reporter-output>
        </test-method> <!-- afterTest -->
      </class> <!-- listners.CarLoanTestCases -->
    </test> <!-- Car Loan Test Cases -->
  </suite> <!-- ABC Loan Bank -->
</testng-results>
