<?xml version="1.0" encoding="UTF-8"?>
<!-- Generated by org.testng.reporters.JUnitReportReporter -->
<testsuite skipped="0" hostname="Sureshs-iMac" name="parameteratxmlfilelevel.CarLoanTestCases" tests="5" failures="0" timestamp="2020-04-13T17:37:59 EDT" time="2.025" errors="1">
  <testcase name="enabledExample" time="0.002" classname="parameteratxmlfilelevel.CarLoanTestCases"/>
  <testcase name="webLoginTest" time="0.002" classname="parameteratxmlfilelevel.CarLoanTestCases"/>
  <testcase name="RestLoginTest" time="0.006" classname="parameteratxmlfilelevel.CarLoanTestCases"/>
  <testcase name="mobileLoginTest" time="0.002" classname="parameteratxmlfilelevel.CarLoanTestCases"/>
  <testcase name="zTimeOutExample" time="2.013" classname="parameteratxmlfilelevel.CarLoanTestCases">
    <error type="org.testng.internal.thread.ThreadTimeoutException" message="Method parameteratxmlfilelevel.CarLoanTestCases.zTimeOutExample() didn&#039;t finish within the time-out 2000">
      <![CDATA[org.testng.internal.thread.ThreadTimeoutException: Method parameteratxmlfilelevel.CarLoanTestCases.zTimeOutExample() didn't finish within the time-out 2000
at java.util.concurrent.ThreadPoolExecutor.runWorker(ThreadPoolExecutor.java:1157)
at java.util.concurrent.ThreadPoolExecutor$Worker.run(ThreadPoolExecutor.java:624)
at java.lang.Thread.run(Thread.java:748)
]]>
    </error>
  </testcase> <!-- zTimeOutExample -->
</testsuite> <!-- parameteratxmlfilelevel.CarLoanTestCases -->
