<?xml version="1.0" encoding="UTF-8"?>
<!-- Generated by org.testng.reporters.JUnitXMLReporter -->
<testsuite hostname="Sureshs-iMac" ignored="3" name="Default test" tests="1" failures="1" timestamp="2020-04-13T17:19:01 EDT" time="0.025" errors="0">
  <testcase name="paramterTest" time="0.0" classname="parameteratxmlfilelevel.HomeLoanTestCases">
    <failure type="org.testng.TestNGException" message="
Parameter &amp;apos;URL&amp;apos; is required by @Test on method paramterTest but has not been marked @Optional or defined
in /private/var/folders/j2/nd01tqbs2ts83d5tll5g3n5m0000gn/T/testng-eclipse-477730708/testng-customsuite.xml">
      <![CDATA[org.testng.TestNGException: 
Parameter 'URL' is required by @Test on method paramterTest but has not been marked @Optional or defined
in /private/var/folders/j2/nd01tqbs2ts83d5tll5g3n5m0000gn/T/testng-eclipse-477730708/testng-customsuite.xml
at org.testng.internal.Parameters.createParams(Parameters.java:289)
at org.testng.internal.Parameters.createParametersForMethod(Parameters.java:377)
at org.testng.internal.Parameters.createParameters(Parameters.java:721)
at org.testng.internal.Parameters.handleParameters(Parameters.java:895)
at org.testng.internal.Parameters.handleParameters(Parameters.java:762)
at org.testng.internal.ParameterHandler.handleParameters(ParameterHandler.java:60)
at org.testng.internal.ParameterHandler.createParameters(ParameterHandler.java:39)
at org.testng.internal.TestInvoker$MethodInvocationAgent.invoke(TestInvoker.java:771)
at org.testng.internal.TestInvoker.invokeTestMethods(TestInvoker.java:145)
at org.testng.internal.TestMethodWorker.invokeTestMethods(TestMethodWorker.java:146)
at org.testng.internal.TestMethodWorker.run(TestMethodWorker.java:128)
at java.util.ArrayList.forEach(ArrayList.java:1257)
at org.testng.TestRunner.privateRun(TestRunner.java:770)
at org.testng.TestRunner.run(TestRunner.java:591)
at org.testng.SuiteRunner.runTest(SuiteRunner.java:402)
at org.testng.SuiteRunner.runSequentially(SuiteRunner.java:396)
at org.testng.SuiteRunner.privateRun(SuiteRunner.java:355)
at org.testng.SuiteRunner.run(SuiteRunner.java:304)
at org.testng.SuiteRunnerWorker.runSuite(SuiteRunnerWorker.java:53)
at org.testng.SuiteRunnerWorker.run(SuiteRunnerWorker.java:96)
at org.testng.TestNG.runSuitesSequentially(TestNG.java:1180)
at org.testng.TestNG.runSuitesLocally(TestNG.java:1102)
at org.testng.TestNG.runSuites(TestNG.java:1032)
at org.testng.TestNG.run(TestNG.java:1000)
at org.testng.remote.AbstractRemoteTestNG.run(AbstractRemoteTestNG.java:115)
at org.testng.remote.RemoteTestNG.initAndRun(RemoteTestNG.java:251)
at org.testng.remote.RemoteTestNG.main(RemoteTestNG.java:77)
]]>
    </failure>
  </testcase> <!-- paramterTest -->
  <testcase name="mobileLoginTest" time="0.0" classname="parameteratxmlfilelevel.HomeLoanTestCases">
    <ignored/>
  </testcase> <!-- mobileLoginTest -->
  <testcase name="webLoginTest" time="0.0" classname="parameteratxmlfilelevel.HomeLoanTestCases">
    <ignored/>
  </testcase> <!-- webLoginTest -->
  <testcase name="RestLoginTest" time="0.0" classname="parameteratxmlfilelevel.HomeLoanTestCases">
    <ignored/>
  </testcase> <!-- RestLoginTest -->
</testsuite> <!-- Default test -->
